<?xml version="1.0" encoding="UTF-8"?>
<!-- Generated by org.testng.reporters.JUnitReportReporter -->
<testsuite hostname="Vaidas" failures="0" tests="4" name="tests.LoginTests" time="9.608" errors="0" timestamp="2022-04-18T15:13:52 EEST" skipped="0">
  <testcase classname="tests.LoginTests" name="WrongDetails" time="4.168"/>
  <system-out/>
  <testcase classname="tests.LoginTests" name="WrongEmail" time="0.969"/>
  <system-out/>
  <testcase classname="tests.LoginTests" name="WrongPassword" time="0.951"/>
  <system-out/>
  <testcase classname="tests.LoginTests" name="SuccessfulLogin" time="3.520"/>
  <system-out/>
</testsuite> <!-- tests.LoginTests -->
